The Dart VM service is listening on http://127.0.0.1:60366/1ipcrNEotic=/
The Dart DevTools debugger and profiler is available at: http://127.0.0.1:60366/1ipcrNEotic=/devtools?uri=ws://127.0.0.1:60366/1ipcrNEotic=/ws
The Dart VM service is listening on http://127.0.0.1:60748/Tdbz990XlOw=/
The Dart DevTools debugger and profiler is available at: http://127.0.0.1:60748/Tdbz990XlOw=/devtools?uri=ws://127.0.0.1:60748/Tdbz990XlOw=/ws
[WrapWithConsumer] 2023-10-02T20:05:11.393247 Plugin WrapWithConsumer threw while analyzing /Users/moabdi/development/khatma/lib/src/features/khatma/data/khatma_notifier.dart:
[WrapWithConsumer] 2023-10-02T20:05:11.393247 Null check operator used on a null value
[WrapWithConsumer] 2023-10-02T20:05:11.393247 #0      FunctionalToClassBasedProvider.run.<anonymous closure>.<anonymous closure> (package:riverpod_lint/src/assists/functional_to_class_based_provider.dart:60:48)
[WrapWithConsumer] 2023-10-02T20:05:11.393247 #1      ChangeBuilderImpl.addDartFileEdit (package:analyzer_plugin/src/utilities/change_builder/change_builder_core.dart:151:26)
[WrapWithConsumer] 2023-10-02T20:05:11.393247 <asynchronous suspension>
[WrapWithConsumer] 2023-10-02T20:05:11.393247 #2      Future.wait.<anonymous closure> (dart:async/future.dart:525:21)
[WrapWithConsumer] 2023-10-02T20:05:11.393247 <asynchronous suspension>
[WrapWithConsumer] 2023-10-02T20:05:11.393247 #3      _ChangeBuilderImpl._waitForCompletion (package:custom_lint_core/src/change_reporter.dart:144:5)
[WrapWithConsumer] 2023-10-02T20:05:11.393247 <asynchronous suspension>
[WrapWithConsumer] 2023-10-02T20:05:11.393247 #4      Future.wait.<anonymous closure> (dart:async/future.dart:525:21)
[WrapWithConsumer] 2023-10-02T20:05:11.393247 <asynchronous suspension>
[WrapWithConsumer] 2023-10-02T20:05:11.393247 #5      _ClientAnalyzerPlugin.handleEditGetAssists (package:custom_lint_builder/src/client.dart:466:7)
[WrapWithConsumer] 2023-10-02T20:05:11.393247 <asynchronous suspension>
[WrapWithConsumer] 2023-10-02T20:05:11.393247 #6      ServerPlugin._getResponse (package:analyzer_plugin/plugin/plugin.dart:556:18)
[WrapWithConsumer] 2023-10-02T20:05:11.393247 <asynchronous suspension>
[WrapWithConsumer] 2023-10-02T20:05:11.393247 #7      ServerPlugin._onRequest (package:analyzer_plugin/plugin/plugin.dart:599:18)
[WrapWithConsumer] 2023-10-02T20:05:11.393247 <asynchronous suspension>
[WrapWithConsumer] 2023-10-02T20:05:11.393247
The Dart VM service is listening on http://127.0.0.1:57841/SJGfOPcICag=/
The Dart DevTools debugger and profiler is available at: http://127.0.0.1:57841/SJGfOPcICag=/devtools?uri=ws://127.0.0.1:57841/SJGfOPcICag=/ws
The request analysis.setContextRoots failed with the following error:
RequestErrorCode.PLUGIN_ERROR
Failed to read pubspec.yaml at /Users/moabdi/development/khatma:
ParsedYamlException: line 37, column 1: Expected ':'.
   ╷
37 │ dev_dependencies:
   │ ^
   ╵
#0      checkedYamlDecode (package:checked_yaml/checked_yaml.dart:32:5)
#1      new Pubspec.parse (package:pubspec_parse/src/pubspec.dart:167:7)
#2      parsePubspec (package:custom_lint/src/package_utils.dart:84:18)
<asynchronous suspension>
#3      CustomLintProject.parse (package:custom_lint/src/workspace.dart:980:28)
<asynchronous suspension>
#4      Future.wait.<anonymous closure> (dart:async/future.dart:525:21)
<asynchronous suspension>
#5      CustomLintWorkspace.fromContextRoots (package:custom_lint/src/workspace.dart:487:22)
<asynchronous suspension>
#6      SocketCustomLintServerToClientChannel.create (package:custom_lint/src/v2/server_to_client_channel.dart:59:23)
<asynchronous suspension>
#7      CustomLintServer._maybeSpawnCustomLintPlugin (package:custom_lint/src/v2/custom_lint_analyzer_plugin.dart:347:23)
<asynchronous suspension>
#8      CustomLintServer._handleAnalysisSetContextRoots.<anonymous closure> (package:custom_lint/src/v2/custom_lint_analyzer_plugin.dart:328:9)
<asynchronous suspension>
#9      PendingOperation.run (package:custom_lint/src/async_operation.dart:22:14)
<asynchronous suspension>
#10     CustomLintServer._handleRequest (package:custom_lint/src/v2/custom_lint_analyzer_plugin.dart:160:22)
<asynchronous suspension>

at:
#0      CustomLintProject.parse.<anonymous closure> (package:custom_lint/src/workspace.dart:983:7)
#1      _rootRunBinary (dart:async/zone.dart:1423:47)
#2      _CustomZone.runBinary (dart:async/zone.dart:1315:19)
#3      _FutureListener.handleError (dart:async/future_impl.dart:171:22)
#4      Future._propagateToListeners.handleError (dart:async/future_impl.dart:852:47)
#5      Future._propagateToListeners (dart:async/future_impl.dart:873:13)
#6      Future._completeError (dart:async/future_impl.dart:649:5)
#7      _rootRunUnary (dart:async/zone.dart:1407:47)
#8      _CustomZone.runUnary (dart:async/zone.dart:1308:19)
<asynchronous suspension>

The request analysis.setSubscriptions failed with the following error:
RequestErrorCode.PLUGIN_ERROR
Failed to read pubspec.yaml at /Users/moabdi/development/khatma:
ParsedYamlException: line 37, column 1: Expected ':'.
   ╷
37 │ dev_dependencies:
   │ ^
   ╵
#0      checkedYamlDecode (package:checked_yaml/checked_yaml.dart:32:5)
#1      new Pubspec.parse (package:pubspec_parse/src/pubspec.dart:167:7)
#2      parsePubspec (package:custom_lint/src/package_utils.dart:84:18)
<asynchronous suspension>
#3      CustomLintProject.parse (package:custom_lint/src/workspace.dart:980:28)
<asynchronous suspension>
#4      Future.wait.<anonymous closure> (dart:async/future.dart:525:21)
<asynchronous suspension>
#5      CustomLintWorkspace.fromContextRoots (package:custom_lint/src/workspace.dart:487:22)
<asynchronous suspension>
#6      SocketCustomLintServerToClientChannel.create (package:custom_lint/src/v2/server_to_client_channel.dart:59:23)
<asynchronous suspension>
#7      CustomLintServer._maybeSpawnCustomLintPlugin (package:custom_lint/src/v2/custom_lint_analyzer_plugin.dart:347:23)
<asynchronous suspension>
#8      CustomLintServer._handleAnalysisSetContextRoots.<anonymous closure> (package:custom_lint/src/v2/custom_lint_analyzer_plugin.dart:328:9)
<asynchronous suspension>
#9      PendingOperation.run (package:custom_lint/src/async_operation.dart:22:14)
<asynchronous suspension>
#10     CustomLintServer._handleRequest (package:custom_lint/src/v2/custom_lint_analyzer_plugin.dart:160:22)
<asynchronous suspension>

at:
#0      CustomLintProject.parse.<anonymous closure> (package:custom_lint/src/workspace.dart:983:7)
#1      _rootRunBinary (dart:async/zone.dart:1423:47)
#2      _CustomZone.runBinary (dart:async/zone.dart:1315:19)
#3      _FutureListener.handleError (dart:async/future_impl.dart:171:22)
#4      Future._propagateToListeners.handleError (dart:async/future_impl.dart:852:47)
#5      Future._propagateToListeners (dart:async/future_impl.dart:873:13)
#6      Future._completeError (dart:async/future_impl.dart:649:5)
#7      _rootRunUnary (dart:async/zone.dart:1407:47)
#8      _CustomZone.runUnary (dart:async/zone.dart:1308:19)
<asynchronous suspension>

The request analysis.updateContent failed with the following error:
RequestErrorCode.PLUGIN_ERROR
Failed to read pubspec.yaml at /Users/moabdi/development/khatma:
ParsedYamlException: line 37, column 1: Expected ':'.
   ╷
37 │ dev_dependencies:
   │ ^
   ╵
#0      checkedYamlDecode (package:checked_yaml/checked_yaml.dart:32:5)
#1      new Pubspec.parse (package:pubspec_parse/src/pubspec.dart:167:7)
#2      parsePubspec (package:custom_lint/src/package_utils.dart:84:18)
<asynchronous suspension>
#3      CustomLintProject.parse (package:custom_lint/src/workspace.dart:980:28)
<asynchronous suspension>
#4      Future.wait.<anonymous closure> (dart:async/future.dart:525:21)
<asynchronous suspension>
#5      CustomLintWorkspace.fromContextRoots (package:custom_lint/src/workspace.dart:487:22)
<asynchronous suspension>
#6      SocketCustomLintServerToClientChannel.create (package:custom_lint/src/v2/server_to_client_channel.dart:59:23)
<asynchronous suspension>
#7      CustomLintServer._maybeSpawnCustomLintPlugin (package:custom_lint/src/v2/custom_lint_analyzer_plugin.dart:347:23)
<asynchronous suspension>
#8      CustomLintServer._handleAnalysisSetContextRoots.<anonymous closure> (package:custom_lint/src/v2/custom_lint_analyzer_plugin.dart:328:9)
<asynchronous suspension>
#9      PendingOperation.run (package:custom_lint/src/async_operation.dart:22:14)
<asynchronous suspension>
#10     CustomLintServer._handleRequest (package:custom_lint/src/v2/custom_lint_analyzer_plugin.dart:160:22)
<asynchronous suspension>

at:
#0      CustomLintProject.parse.<anonymous closure> (package:custom_lint/src/workspace.dart:983:7)
#1      _rootRunBinary (dart:async/zone.dart:1423:47)
#2      _CustomZone.runBinary (dart:async/zone.dart:1315:19)
#3      _FutureListener.handleError (dart:async/future_impl.dart:171:22)
#4      Future._propagateToListeners.handleError (dart:async/future_impl.dart:852:47)
#5      Future._propagateToListeners (dart:async/future_impl.dart:873:13)
#6      Future._completeError (dart:async/future_impl.dart:649:5)
#7      _rootRunUnary (dart:async/zone.dart:1407:47)
#8      _CustomZone.runUnary (dart:async/zone.dart:1308:19)
<asynchronous suspension>

The request analysis.setPriorityFiles failed with the following error:
RequestErrorCode.PLUGIN_ERROR
Failed to read pubspec.yaml at /Users/moabdi/development/khatma:
ParsedYamlException: line 37, column 1: Expected ':'.
   ╷
37 │ dev_dependencies:
   │ ^
   ╵
#0      checkedYamlDecode (package:checked_yaml/checked_yaml.dart:32:5)
#1      new Pubspec.parse (package:pubspec_parse/src/pubspec.dart:167:7)
#2      parsePubspec (package:custom_lint/src/package_utils.dart:84:18)
<asynchronous suspension>
#3      CustomLintProject.parse (package:custom_lint/src/workspace.dart:980:28)
<asynchronous suspension>
#4      Future.wait.<anonymous closure> (dart:async/future.dart:525:21)
<asynchronous suspension>
#5      CustomLintWorkspace.fromContextRoots (package:custom_lint/src/workspace.dart:487:22)
<asynchronous suspension>
#6      SocketCustomLintServerToClientChannel.create (package:custom_lint/src/v2/server_to_client_channel.dart:59:23)
<asynchronous suspension>
#7      CustomLintServer._maybeSpawnCustomLintPlugin (package:custom_lint/src/v2/custom_lint_analyzer_plugin.dart:347:23)
<asynchronous suspension>
#8      CustomLintServer._handleAnalysisSetContextRoots.<anonymous closure> (package:custom_lint/src/v2/custom_lint_analyzer_plugin.dart:328:9)
<asynchronous suspension>
#9      PendingOperation.run (package:custom_lint/src/async_operation.dart:22:14)
<asynchronous suspension>
#10     CustomLintServer._handleRequest (package:custom_lint/src/v2/custom_lint_analyzer_plugin.dart:160:22)
<asynchronous suspension>

at:
#0      CustomLintProject.parse.<anonymous closure> (package:custom_lint/src/workspace.dart:983:7)
#1      _rootRunBinary (dart:async/zone.dart:1423:47)
#2      _CustomZone.runBinary (dart:async/zone.dart:1315:19)
#3      _FutureListener.handleError (dart:async/future_impl.dart:171:22)
#4      Future._propagateToListeners.handleError (dart:async/future_impl.dart:852:47)
#5      Future._propagateToListeners (dart:async/future_impl.dart:873:13)
#6      Future._completeError (dart:async/future_impl.dart:649:5)
#7      _rootRunUnary (dart:async/zone.dart:1407:47)
#8      _CustomZone.runUnary (dart:async/zone.dart:1308:19)
<asynchronous suspension>

The request analysis.setPriorityFiles failed with the following error:
RequestErrorCode.PLUGIN_ERROR
Failed to read pubspec.yaml at /Users/moabdi/development/khatma:
ParsedYamlException: line 37, column 1: Expected ':'.
   ╷
37 │ dev_dependencies:
   │ ^
   ╵
#0      checkedYamlDecode (package:checked_yaml/checked_yaml.dart:32:5)
#1      new Pubspec.parse (package:pubspec_parse/src/pubspec.dart:167:7)
#2      parsePubspec (package:custom_lint/src/package_utils.dart:84:18)
<asynchronous suspension>
#3      CustomLintProject.parse (package:custom_lint/src/workspace.dart:980:28)
<asynchronous suspension>
#4      Future.wait.<anonymous closure> (dart:async/future.dart:525:21)
<asynchronous suspension>
#5      CustomLintWorkspace.fromContextRoots (package:custom_lint/src/workspace.dart:487:22)
<asynchronous suspension>
#6      SocketCustomLintServerToClientChannel.create (package:custom_lint/src/v2/server_to_client_channel.dart:59:23)
<asynchronous suspension>
#7      CustomLintServer._maybeSpawnCustomLintPlugin (package:custom_lint/src/v2/custom_lint_analyzer_plugin.dart:347:23)
<asynchronous suspension>
#8      CustomLintServer._handleAnalysisSetContextRoots.<anonymous closure> (package:custom_lint/src/v2/custom_lint_analyzer_plugin.dart:328:9)
<asynchronous suspension>
#9      PendingOperation.run (package:custom_lint/src/async_operation.dart:22:14)
<asynchronous suspension>
#10     CustomLintServer._handleRequest (package:custom_lint/src/v2/custom_lint_analyzer_plugin.dart:160:22)
<asynchronous suspension>

at:
#0      CustomLintProject.parse.<anonymous closure> (package:custom_lint/src/workspace.dart:983:7)
#1      _rootRunBinary (dart:async/zone.dart:1423:47)
#2      _CustomZone.runBinary (dart:async/zone.dart:1315:19)
#3      _FutureListener.handleError (dart:async/future_impl.dart:171:22)
#4      Future._propagateToListeners.handleError (dart:async/future_impl.dart:852:47)
#5      Future._propagateToListeners (dart:async/future_impl.dart:873:13)
#6      Future._completeError (dart:async/future_impl.dart:649:5)
#7      _rootRunUnary (dart:async/zone.dart:1407:47)
#8      _CustomZone.runUnary (dart:async/zone.dart:1308:19)
<asynchronous suspension>

The request analysis.setSubscriptions failed with the following error:
RequestErrorCode.PLUGIN_ERROR
Failed to read pubspec.yaml at /Users/moabdi/development/khatma:
ParsedYamlException: line 37, column 1: Expected ':'.
   ╷
37 │ dev_dependencies:
   │ ^
   ╵
#0      checkedYamlDecode (package:checked_yaml/checked_yaml.dart:32:5)
#1      new Pubspec.parse (package:pubspec_parse/src/pubspec.dart:167:7)
#2      parsePubspec (package:custom_lint/src/package_utils.dart:84:18)
<asynchronous suspension>
#3      CustomLintProject.parse (package:custom_lint/src/workspace.dart:980:28)
<asynchronous suspension>
#4      Future.wait.<anonymous closure> (dart:async/future.dart:525:21)
<asynchronous suspension>
#5      CustomLintWorkspace.fromContextRoots (package:custom_lint/src/workspace.dart:487:22)
<asynchronous suspension>
#6      SocketCustomLintServerToClientChannel.create (package:custom_lint/src/v2/server_to_client_channel.dart:59:23)
<asynchronous suspension>
#7      CustomLintServer._maybeSpawnCustomLintPlugin (package:custom_lint/src/v2/custom_lint_analyzer_plugin.dart:347:23)
<asynchronous suspension>
#8      CustomLintServer._handleAnalysisSetContextRoots.<anonymous closure> (package:custom_lint/src/v2/custom_lint_analyzer_plugin.dart:328:9)
<asynchronous suspension>
#9      PendingOperation.run (package:custom_lint/src/async_operation.dart:22:14)
<asynchronous suspension>
#10     CustomLintServer._handleRequest (package:custom_lint/src/v2/custom_lint_analyzer_plugin.dart:160:22)
<asynchronous suspension>

at:
#0      CustomLintProject.parse.<anonymous closure> (package:custom_lint/src/workspace.dart:983:7)
#1      _rootRunBinary (dart:async/zone.dart:1423:47)
#2      _CustomZone.runBinary (dart:async/zone.dart:1315:19)
#3      _FutureListener.handleError (dart:async/future_impl.dart:171:22)
#4      Future._propagateToListeners.handleError (dart:async/future_impl.dart:852:47)
#5      Future._propagateToListeners (dart:async/future_impl.dart:873:13)
#6      Future._completeError (dart:async/future_impl.dart:649:5)
#7      _rootRunUnary (dart:async/zone.dart:1407:47)
#8      _CustomZone.runUnary (dart:async/zone.dart:1308:19)
<asynchronous suspension>

The request analysis.updateContent failed with the following error:
RequestErrorCode.PLUGIN_ERROR
Failed to read pubspec.yaml at /Users/moabdi/development/khatma:
ParsedYamlException: line 37, column 1: Expected ':'.
   ╷
37 │ dev_dependencies:
   │ ^
   ╵
#0      checkedYamlDecode (package:checked_yaml/checked_yaml.dart:32:5)
#1      new Pubspec.parse (package:pubspec_parse/src/pubspec.dart:167:7)
#2      parsePubspec (package:custom_lint/src/package_utils.dart:84:18)
<asynchronous suspension>
#3      CustomLintProject.parse (package:custom_lint/src/workspace.dart:980:28)
<asynchronous suspension>
#4      Future.wait.<anonymous closure> (dart:async/future.dart:525:21)
<asynchronous suspension>
#5      CustomLintWorkspace.fromContextRoots (package:custom_lint/src/workspace.dart:487:22)
<asynchronous suspension>
#6      SocketCustomLintServerToClientChannel.create (package:custom_lint/src/v2/server_to_client_channel.dart:59:23)
<asynchronous suspension>
#7      CustomLintServer._maybeSpawnCustomLintPlugin (package:custom_lint/src/v2/custom_lint_analyzer_plugin.dart:347:23)
<asynchronous suspension>
#8      CustomLintServer._handleAnalysisSetContextRoots.<anonymous closure> (package:custom_lint/src/v2/custom_lint_analyzer_plugin.dart:328:9)
<asynchronous suspension>
#9      PendingOperation.run (package:custom_lint/src/async_operation.dart:22:14)
<asynchronous suspension>
#10     CustomLintServer._handleRequest (package:custom_lint/src/v2/custom_lint_analyzer_plugin.dart:160:22)
<asynchronous suspension>

at:
#0      CustomLintProject.parse.<anonymous closure> (package:custom_lint/src/workspace.dart:983:7)
#1      _rootRunBinary (dart:async/zone.dart:1423:47)
#2      _CustomZone.runBinary (dart:async/zone.dart:1315:19)
#3      _FutureListener.handleError (dart:async/future_impl.dart:171:22)
#4      Future._propagateToListeners.handleError (dart:async/future_impl.dart:852:47)
#5      Future._propagateToListeners (dart:async/future_impl.dart:873:13)
#6      Future._completeError (dart:async/future_impl.dart:649:5)
#7      _rootRunUnary (dart:async/zone.dart:1407:47)
#8      _CustomZone.runUnary (dart:async/zone.dart:1308:19)
<asynchronous suspension>

The request analysis.setPriorityFiles failed with the following error:
RequestErrorCode.PLUGIN_ERROR
Failed to read pubspec.yaml at /Users/moabdi/development/khatma:
ParsedYamlException: line 37, column 1: Expected ':'.
   ╷
37 │ dev_dependencies:
   │ ^
   ╵
#0      checkedYamlDecode (package:checked_yaml/checked_yaml.dart:32:5)
#1      new Pubspec.parse (package:pubspec_parse/src/pubspec.dart:167:7)
#2      parsePubspec (package:custom_lint/src/package_utils.dart:84:18)
<asynchronous suspension>
#3      CustomLintProject.parse (package:custom_lint/src/workspace.dart:980:28)
<asynchronous suspension>
#4      Future.wait.<anonymous closure> (dart:async/future.dart:525:21)
<asynchronous suspension>
#5      CustomLintWorkspace.fromContextRoots (package:custom_lint/src/workspace.dart:487:22)
<asynchronous suspension>
#6      SocketCustomLintServerToClientChannel.create (package:custom_lint/src/v2/server_to_client_channel.dart:59:23)
<asynchronous suspension>
#7      CustomLintServer._maybeSpawnCustomLintPlugin (package:custom_lint/src/v2/custom_lint_analyzer_plugin.dart:347:23)
<asynchronous suspension>
#8      CustomLintServer._handleAnalysisSetContextRoots.<anonymous closure> (package:custom_lint/src/v2/custom_lint_analyzer_plugin.dart:328:9)
<asynchronous suspension>
#9      PendingOperation.run (package:custom_lint/src/async_operation.dart:22:14)
<asynchronous suspension>
#10     CustomLintServer._handleRequest (package:custom_lint/src/v2/custom_lint_analyzer_plugin.dart:160:22)
<asynchronous suspension>

at:
#0      CustomLintProject.parse.<anonymous closure> (package:custom_lint/src/workspace.dart:983:7)
#1      _rootRunBinary (dart:async/zone.dart:1423:47)
#2      _CustomZone.runBinary (dart:async/zone.dart:1315:19)
#3      _FutureListener.handleError (dart:async/future_impl.dart:171:22)
#4      Future._propagateToListeners.handleError (dart:async/future_impl.dart:852:47)
#5      Future._propagateToListeners (dart:async/future_impl.dart:873:13)
#6      Future._completeError (dart:async/future_impl.dart:649:5)
#7      _rootRunUnary (dart:async/zone.dart:1407:47)
#8      _CustomZone.runUnary (dart:async/zone.dart:1308:19)
<asynchronous suspension>

The request analysis.setSubscriptions failed with the following error:
RequestErrorCode.PLUGIN_ERROR
Failed to read pubspec.yaml at /Users/moabdi/development/khatma:
ParsedYamlException: line 37, column 1: Expected ':'.
   ╷
37 │ dev_dependencies:
   │ ^
   ╵
#0      checkedYamlDecode (package:checked_yaml/checked_yaml.dart:32:5)
#1      new Pubspec.parse (package:pubspec_parse/src/pubspec.dart:167:7)
#2      parsePubspec (package:custom_lint/src/package_utils.dart:84:18)
<asynchronous suspension>
#3      CustomLintProject.parse (package:custom_lint/src/workspace.dart:980:28)
<asynchronous suspension>
#4      Future.wait.<anonymous closure> (dart:async/future.dart:525:21)
<asynchronous suspension>
#5      CustomLintWorkspace.fromContextRoots (package:custom_lint/src/workspace.dart:487:22)
<asynchronous suspension>
#6      SocketCustomLintServerToClientChannel.create (package:custom_lint/src/v2/server_to_client_channel.dart:59:23)
<asynchronous suspension>
#7      CustomLintServer._maybeSpawnCustomLintPlugin (package:custom_lint/src/v2/custom_lint_analyzer_plugin.dart:347:23)
<asynchronous suspension>
#8      CustomLintServer._handleAnalysisSetContextRoots.<anonymous closure> (package:custom_lint/src/v2/custom_lint_analyzer_plugin.dart:328:9)
<asynchronous suspension>
#9      PendingOperation.run (package:custom_lint/src/async_operation.dart:22:14)
<asynchronous suspension>
#10     CustomLintServer._handleRequest (package:custom_lint/src/v2/custom_lint_analyzer_plugin.dart:160:22)
<asynchronous suspension>

at:
#0      CustomLintProject.parse.<anonymous closure> (package:custom_lint/src/workspace.dart:983:7)
#1      _rootRunBinary (dart:async/zone.dart:1423:47)
#2      _CustomZone.runBinary (dart:async/zone.dart:1315:19)
#3      _FutureListener.handleError (dart:async/future_impl.dart:171:22)
#4      Future._propagateToListeners.handleError (dart:async/future_impl.dart:852:47)
#5      Future._propagateToListeners (dart:async/future_impl.dart:873:13)
#6      Future._completeError (dart:async/future_impl.dart:649:5)
#7      _rootRunUnary (dart:async/zone.dart:1407:47)
#8      _CustomZone.runUnary (dart:async/zone.dart:1308:19)
<asynchronous suspension>

The request analysis.updateContent failed with the following error:
RequestErrorCode.PLUGIN_ERROR
Failed to read pubspec.yaml at /Users/moabdi/development/khatma:
ParsedYamlException: line 37, column 1: Expected ':'.
   ╷
37 │ dev_dependencies:
   │ ^
   ╵
#0      checkedYamlDecode (package:checked_yaml/checked_yaml.dart:32:5)
#1      new Pubspec.parse (package:pubspec_parse/src/pubspec.dart:167:7)
#2      parsePubspec (package:custom_lint/src/package_utils.dart:84:18)
<asynchronous suspension>
#3      CustomLintProject.parse (package:custom_lint/src/workspace.dart:980:28)
<asynchronous suspension>
#4      Future.wait.<anonymous closure> (dart:async/future.dart:525:21)
<asynchronous suspension>
#5      CustomLintWorkspace.fromContextRoots (package:custom_lint/src/workspace.dart:487:22)
<asynchronous suspension>
#6      SocketCustomLintServerToClientChannel.create (package:custom_lint/src/v2/server_to_client_channel.dart:59:23)
<asynchronous suspension>
#7      CustomLintServer._maybeSpawnCustomLintPlugin (package:custom_lint/src/v2/custom_lint_analyzer_plugin.dart:347:23)
<asynchronous suspension>
#8      CustomLintServer._handleAnalysisSetContextRoots.<anonymous closure> (package:custom_lint/src/v2/custom_lint_analyzer_plugin.dart:328:9)
<asynchronous suspension>
#9      PendingOperation.run (package:custom_lint/src/async_operation.dart:22:14)
<asynchronous suspension>
#10     CustomLintServer._handleRequest (package:custom_lint/src/v2/custom_lint_analyzer_plugin.dart:160:22)
<asynchronous suspension>

at:
#0      CustomLintProject.parse.<anonymous closure> (package:custom_lint/src/workspace.dart:983:7)
#1      _rootRunBinary (dart:async/zone.dart:1423:47)
#2      _CustomZone.runBinary (dart:async/zone.dart:1315:19)
#3      _FutureListener.handleError (dart:async/future_impl.dart:171:22)
#4      Future._propagateToListeners.handleError (dart:async/future_impl.dart:852:47)
#5      Future._propagateToListeners (dart:async/future_impl.dart:873:13)
#6      Future._completeError (dart:async/future_impl.dart:649:5)
#7      _rootRunUnary (dart:async/zone.dart:1407:47)
#8      _CustomZone.runUnary (dart:async/zone.dart:1308:19)
<asynchronous suspension>

The request analysis.setPriorityFiles failed with the following error:
RequestErrorCode.PLUGIN_ERROR
Failed to read pubspec.yaml at /Users/moabdi/development/khatma:
ParsedYamlException: line 37, column 1: Expected ':'.
   ╷
37 │ dev_dependencies:
   │ ^
   ╵
#0      checkedYamlDecode (package:checked_yaml/checked_yaml.dart:32:5)
#1      new Pubspec.parse (package:pubspec_parse/src/pubspec.dart:167:7)
#2      parsePubspec (package:custom_lint/src/package_utils.dart:84:18)
<asynchronous suspension>
#3      CustomLintProject.parse (package:custom_lint/src/workspace.dart:980:28)
<asynchronous suspension>
#4      Future.wait.<anonymous closure> (dart:async/future.dart:525:21)
<asynchronous suspension>
#5      CustomLintWorkspace.fromContextRoots (package:custom_lint/src/workspace.dart:487:22)
<asynchronous suspension>
#6      SocketCustomLintServerToClientChannel.create (package:custom_lint/src/v2/server_to_client_channel.dart:59:23)
<asynchronous suspension>
#7      CustomLintServer._maybeSpawnCustomLintPlugin (package:custom_lint/src/v2/custom_lint_analyzer_plugin.dart:347:23)
<asynchronous suspension>
#8      CustomLintServer._handleAnalysisSetContextRoots.<anonymous closure> (package:custom_lint/src/v2/custom_lint_analyzer_plugin.dart:328:9)
<asynchronous suspension>
#9      PendingOperation.run (package:custom_lint/src/async_operation.dart:22:14)
<asynchronous suspension>
#10     CustomLintServer._handleRequest (package:custom_lint/src/v2/custom_lint_analyzer_plugin.dart:160:22)
<asynchronous suspension>

at:
#0      CustomLintProject.parse.<anonymous closure> (package:custom_lint/src/workspace.dart:983:7)
#1      _rootRunBinary (dart:async/zone.dart:1423:47)
#2      _CustomZone.runBinary (dart:async/zone.dart:1315:19)
#3      _FutureListener.handleError (dart:async/future_impl.dart:171:22)
#4      Future._propagateToListeners.handleError (dart:async/future_impl.dart:852:47)
#5      Future._propagateToListeners (dart:async/future_impl.dart:873:13)
#6      Future._completeError (dart:async/future_impl.dart:649:5)
#7      _rootRunUnary (dart:async/zone.dart:1407:47)
#8      _CustomZone.runUnary (dart:async/zone.dart:1308:19)
<asynchronous suspension>

The request analysis.setSubscriptions failed with the following error:
RequestErrorCode.PLUGIN_ERROR
Failed to read pubspec.yaml at /Users/moabdi/development/khatma:
ParsedYamlException: line 37, column 1: Expected ':'.
   ╷
37 │ dev_dependencies:
   │ ^
   ╵
#0      checkedYamlDecode (package:checked_yaml/checked_yaml.dart:32:5)
#1      new Pubspec.parse (package:pubspec_parse/src/pubspec.dart:167:7)
#2      parsePubspec (package:custom_lint/src/package_utils.dart:84:18)
<asynchronous suspension>
#3      CustomLintProject.parse (package:custom_lint/src/workspace.dart:980:28)
<asynchronous suspension>
#4      Future.wait.<anonymous closure> (dart:async/future.dart:525:21)
<asynchronous suspension>
#5      CustomLintWorkspace.fromContextRoots (package:custom_lint/src/workspace.dart:487:22)
<asynchronous suspension>
#6      SocketCustomLintServerToClientChannel.create (package:custom_lint/src/v2/server_to_client_channel.dart:59:23)
<asynchronous suspension>
#7      CustomLintServer._maybeSpawnCustomLintPlugin (package:custom_lint/src/v2/custom_lint_analyzer_plugin.dart:347:23)
<asynchronous suspension>
#8      CustomLintServer._handleAnalysisSetContextRoots.<anonymous closure> (package:custom_lint/src/v2/custom_lint_analyzer_plugin.dart:328:9)
<asynchronous suspension>
#9      PendingOperation.run (package:custom_lint/src/async_operation.dart:22:14)
<asynchronous suspension>
#10     CustomLintServer._handleRequest (package:custom_lint/src/v2/custom_lint_analyzer_plugin.dart:160:22)
<asynchronous suspension>

at:
#0      CustomLintProject.parse.<anonymous closure> (package:custom_lint/src/workspace.dart:983:7)
#1      _rootRunBinary (dart:async/zone.dart:1423:47)
#2      _CustomZone.runBinary (dart:async/zone.dart:1315:19)
#3      _FutureListener.handleError (dart:async/future_impl.dart:171:22)
#4      Future._propagateToListeners.handleError (dart:async/future_impl.dart:852:47)
#5      Future._propagateToListeners (dart:async/future_impl.dart:873:13)
#6      Future._completeError (dart:async/future_impl.dart:649:5)
#7      _rootRunUnary (dart:async/zone.dart:1407:47)
#8      _CustomZone.runUnary (dart:async/zone.dart:1308:19)
<asynchronous suspension>

The request analysis.updateContent failed with the following error:
RequestErrorCode.PLUGIN_ERROR
Failed to read pubspec.yaml at /Users/moabdi/development/khatma:
ParsedYamlException: line 37, column 1: Expected ':'.
   ╷
37 │ dev_dependencies:
   │ ^
   ╵
#0      checkedYamlDecode (package:checked_yaml/checked_yaml.dart:32:5)
#1      new Pubspec.parse (package:pubspec_parse/src/pubspec.dart:167:7)
#2      parsePubspec (package:custom_lint/src/package_utils.dart:84:18)
<asynchronous suspension>
#3      CustomLintProject.parse (package:custom_lint/src/workspace.dart:980:28)
<asynchronous suspension>
#4      Future.wait.<anonymous closure> (dart:async/future.dart:525:21)
<asynchronous suspension>
#5      CustomLintWorkspace.fromContextRoots (package:custom_lint/src/workspace.dart:487:22)
<asynchronous suspension>
#6      SocketCustomLintServerToClientChannel.create (package:custom_lint/src/v2/server_to_client_channel.dart:59:23)
<asynchronous suspension>
#7      CustomLintServer._maybeSpawnCustomLintPlugin (package:custom_lint/src/v2/custom_lint_analyzer_plugin.dart:347:23)
<asynchronous suspension>
#8      CustomLintServer._handleAnalysisSetContextRoots.<anonymous closure> (package:custom_lint/src/v2/custom_lint_analyzer_plugin.dart:328:9)
<asynchronous suspension>
#9      PendingOperation.run (package:custom_lint/src/async_operation.dart:22:14)
<asynchronous suspension>
#10     CustomLintServer._handleRequest (package:custom_lint/src/v2/custom_lint_analyzer_plugin.dart:160:22)
<asynchronous suspension>

at:
#0      CustomLintProject.parse.<anonymous closure> (package:custom_lint/src/workspace.dart:983:7)
#1      _rootRunBinary (dart:async/zone.dart:1423:47)
#2      _CustomZone.runBinary (dart:async/zone.dart:1315:19)
#3      _FutureListener.handleError (dart:async/future_impl.dart:171:22)
#4      Future._propagateToListeners.handleError (dart:async/future_impl.dart:852:47)
#5      Future._propagateToListeners (dart:async/future_impl.dart:873:13)
#6      Future._completeError (dart:async/future_impl.dart:649:5)
#7      _rootRunUnary (dart:async/zone.dart:1407:47)
#8      _CustomZone.runUnary (dart:async/zone.dart:1308:19)
<asynchronous suspension>

The request analysis.updateContent failed with the following error:
RequestErrorCode.PLUGIN_ERROR
Failed to read pubspec.yaml at /Users/moabdi/development/khatma:
ParsedYamlException: line 37, column 1: Expected ':'.
   ╷
37 │ dev_dependencies:
   │ ^
   ╵
#0      checkedYamlDecode (package:checked_yaml/checked_yaml.dart:32:5)
#1      new Pubspec.parse (package:pubspec_parse/src/pubspec.dart:167:7)
#2      parsePubspec (package:custom_lint/src/package_utils.dart:84:18)
<asynchronous suspension>
#3      CustomLintProject.parse (package:custom_lint/src/workspace.dart:980:28)
<asynchronous suspension>
#4      Future.wait.<anonymous closure> (dart:async/future.dart:525:21)
<asynchronous suspension>
#5      CustomLintWorkspace.fromContextRoots (package:custom_lint/src/workspace.dart:487:22)
<asynchronous suspension>
#6      SocketCustomLintServerToClientChannel.create (package:custom_lint/src/v2/server_to_client_channel.dart:59:23)
<asynchronous suspension>
#7      CustomLintServer._maybeSpawnCustomLintPlugin (package:custom_lint/src/v2/custom_lint_analyzer_plugin.dart:347:23)
<asynchronous suspension>
#8      CustomLintServer._handleAnalysisSetContextRoots.<anonymous closure> (package:custom_lint/src/v2/custom_lint_analyzer_plugin.dart:328:9)
<asynchronous suspension>
#9      PendingOperation.run (package:custom_lint/src/async_operation.dart:22:14)
<asynchronous suspension>
#10     CustomLintServer._handleRequest (package:custom_lint/src/v2/custom_lint_analyzer_plugin.dart:160:22)
<asynchronous suspension>

at:
#0      CustomLintProject.parse.<anonymous closure> (package:custom_lint/src/workspace.dart:983:7)
#1      _rootRunBinary (dart:async/zone.dart:1423:47)
#2      _CustomZone.runBinary (dart:async/zone.dart:1315:19)
#3      _FutureListener.handleError (dart:async/future_impl.dart:171:22)
#4      Future._propagateToListeners.handleError (dart:async/future_impl.dart:852:47)
#5      Future._propagateToListeners (dart:async/future_impl.dart:873:13)
#6      Future._completeError (dart:async/future_impl.dart:649:5)
#7      _rootRunUnary (dart:async/zone.dart:1407:47)
#8      _CustomZone.runUnary (dart:async/zone.dart:1308:19)
<asynchronous suspension>

The request analysis.setPriorityFiles failed with the following error:
RequestErrorCode.PLUGIN_ERROR
Failed to read pubspec.yaml at /Users/moabdi/development/khatma:
ParsedYamlException: line 37, column 1: Expected ':'.
   ╷
37 │ dev_dependencies:
   │ ^
   ╵
#0      checkedYamlDecode (package:checked_yaml/checked_yaml.dart:32:5)
#1      new Pubspec.parse (package:pubspec_parse/src/pubspec.dart:167:7)
#2      parsePubspec (package:custom_lint/src/package_utils.dart:84:18)
<asynchronous suspension>
#3      CustomLintProject.parse (package:custom_lint/src/workspace.dart:980:28)
<asynchronous suspension>
#4      Future.wait.<anonymous closure> (dart:async/future.dart:525:21)
<asynchronous suspension>
#5      CustomLintWorkspace.fromContextRoots (package:custom_lint/src/workspace.dart:487:22)
<asynchronous suspension>
#6      SocketCustomLintServerToClientChannel.create (package:custom_lint/src/v2/server_to_client_channel.dart:59:23)
<asynchronous suspension>
#7      CustomLintServer._maybeSpawnCustomLintPlugin (package:custom_lint/src/v2/custom_lint_analyzer_plugin.dart:347:23)
<asynchronous suspension>
#8      CustomLintServer._handleAnalysisSetContextRoots.<anonymous closure> (package:custom_lint/src/v2/custom_lint_analyzer_plugin.dart:328:9)
<asynchronous suspension>
#9      PendingOperation.run (package:custom_lint/src/async_operation.dart:22:14)
<asynchronous suspension>
#10     CustomLintServer._handleRequest (package:custom_lint/src/v2/custom_lint_analyzer_plugin.dart:160:22)
<asynchronous suspension>

at:
#0      CustomLintProject.parse.<anonymous closure> (package:custom_lint/src/workspace.dart:983:7)
#1      _rootRunBinary (dart:async/zone.dart:1423:47)
#2      _CustomZone.runBinary (dart:async/zone.dart:1315:19)
#3      _FutureListener.handleError (dart:async/future_impl.dart:171:22)
#4      Future._propagateToListeners.handleError (dart:async/future_impl.dart:852:47)
#5      Future._propagateToListeners (dart:async/future_impl.dart:873:13)
#6      Future._completeError (dart:async/future_impl.dart:649:5)
#7      _rootRunUnary (dart:async/zone.dart:1407:47)
#8      _CustomZone.runUnary (dart:async/zone.dart:1308:19)
<asynchronous suspension>

The request analysis.setSubscriptions failed with the following error:
RequestErrorCode.PLUGIN_ERROR
Failed to read pubspec.yaml at /Users/moabdi/development/khatma:
ParsedYamlException: line 37, column 1: Expected ':'.
   ╷
37 │ dev_dependencies:
   │ ^
   ╵
#0      checkedYamlDecode (package:checked_yaml/checked_yaml.dart:32:5)
#1      new Pubspec.parse (package:pubspec_parse/src/pubspec.dart:167:7)
#2      parsePubspec (package:custom_lint/src/package_utils.dart:84:18)
<asynchronous suspension>
#3      CustomLintProject.parse (package:custom_lint/src/workspace.dart:980:28)
<asynchronous suspension>
#4      Future.wait.<anonymous closure> (dart:async/future.dart:525:21)
<asynchronous suspension>
#5      CustomLintWorkspace.fromContextRoots (package:custom_lint/src/workspace.dart:487:22)
<asynchronous suspension>
#6      SocketCustomLintServerToClientChannel.create (package:custom_lint/src/v2/server_to_client_channel.dart:59:23)
<asynchronous suspension>
#7      CustomLintServer._maybeSpawnCustomLintPlugin (package:custom_lint/src/v2/custom_lint_analyzer_plugin.dart:347:23)
<asynchronous suspension>
#8      CustomLintServer._handleAnalysisSetContextRoots.<anonymous closure> (package:custom_lint/src/v2/custom_lint_analyzer_plugin.dart:328:9)
<asynchronous suspension>
#9      PendingOperation.run (package:custom_lint/src/async_operation.dart:22:14)
<asynchronous suspension>
#10     CustomLintServer._handleRequest (package:custom_lint/src/v2/custom_lint_analyzer_plugin.dart:160:22)
<asynchronous suspension>

at:
#0      CustomLintProject.parse.<anonymous closure> (package:custom_lint/src/workspace.dart:983:7)
#1      _rootRunBinary (dart:async/zone.dart:1423:47)
#2      _CustomZone.runBinary (dart:async/zone.dart:1315:19)
#3      _FutureListener.handleError (dart:async/future_impl.dart:171:22)
#4      Future._propagateToListeners.handleError (dart:async/future_impl.dart:852:47)
#5      Future._propagateToListeners (dart:async/future_impl.dart:873:13)
#6      Future._completeError (dart:async/future_impl.dart:649:5)
#7      _rootRunUnary (dart:async/zone.dart:1407:47)
#8      _CustomZone.runUnary (dart:async/zone.dart:1308:19)
<asynchronous suspension>

The request analysis.updateContent failed with the following error:
RequestErrorCode.PLUGIN_ERROR
Failed to read pubspec.yaml at /Users/moabdi/development/khatma:
ParsedYamlException: line 37, column 1: Expected ':'.
   ╷
37 │ dev_dependencies:
   │ ^
   ╵
#0      checkedYamlDecode (package:checked_yaml/checked_yaml.dart:32:5)
#1      new Pubspec.parse (package:pubspec_parse/src/pubspec.dart:167:7)
#2      parsePubspec (package:custom_lint/src/package_utils.dart:84:18)
<asynchronous suspension>
#3      CustomLintProject.parse (package:custom_lint/src/workspace.dart:980:28)
<asynchronous suspension>
#4      Future.wait.<anonymous closure> (dart:async/future.dart:525:21)
<asynchronous suspension>
#5      CustomLintWorkspace.fromContextRoots (package:custom_lint/src/workspace.dart:487:22)
<asynchronous suspension>
#6      SocketCustomLintServerToClientChannel.create (package:custom_lint/src/v2/server_to_client_channel.dart:59:23)
<asynchronous suspension>
#7      CustomLintServer._maybeSpawnCustomLintPlugin (package:custom_lint/src/v2/custom_lint_analyzer_plugin.dart:347:23)
<asynchronous suspension>
#8      CustomLintServer._handleAnalysisSetContextRoots.<anonymous closure> (package:custom_lint/src/v2/custom_lint_analyzer_plugin.dart:328:9)
<asynchronous suspension>
#9      PendingOperation.run (package:custom_lint/src/async_operation.dart:22:14)
<asynchronous suspension>
#10     CustomLintServer._handleRequest (package:custom_lint/src/v2/custom_lint_analyzer_plugin.dart:160:22)
<asynchronous suspension>

at:
#0      CustomLintProject.parse.<anonymous closure> (package:custom_lint/src/workspace.dart:983:7)
#1      _rootRunBinary (dart:async/zone.dart:1423:47)
#2      _CustomZone.runBinary (dart:async/zone.dart:1315:19)
#3      _FutureListener.handleError (dart:async/future_impl.dart:171:22)
#4      Future._propagateToListeners.handleError (dart:async/future_impl.dart:852:47)
#5      Future._propagateToListeners (dart:async/future_impl.dart:873:13)
#6      Future._completeError (dart:async/future_impl.dart:649:5)
#7      _rootRunUnary (dart:async/zone.dart:1407:47)
#8      _CustomZone.runUnary (dart:async/zone.dart:1308:19)
<asynchronous suspension>

The request analysis.setPriorityFiles failed with the following error:
RequestErrorCode.PLUGIN_ERROR
Failed to read pubspec.yaml at /Users/moabdi/development/khatma:
ParsedYamlException: line 37, column 1: Expected ':'.
   ╷
37 │ dev_dependencies:
   │ ^
   ╵
#0      checkedYamlDecode (package:checked_yaml/checked_yaml.dart:32:5)
#1      new Pubspec.parse (package:pubspec_parse/src/pubspec.dart:167:7)
#2      parsePubspec (package:custom_lint/src/package_utils.dart:84:18)
<asynchronous suspension>
#3      CustomLintProject.parse (package:custom_lint/src/workspace.dart:980:28)
<asynchronous suspension>
#4      Future.wait.<anonymous closure> (dart:async/future.dart:525:21)
<asynchronous suspension>
#5      CustomLintWorkspace.fromContextRoots (package:custom_lint/src/workspace.dart:487:22)
<asynchronous suspension>
#6      SocketCustomLintServerToClientChannel.create (package:custom_lint/src/v2/server_to_client_channel.dart:59:23)
<asynchronous suspension>
#7      CustomLintServer._maybeSpawnCustomLintPlugin (package:custom_lint/src/v2/custom_lint_analyzer_plugin.dart:347:23)
<asynchronous suspension>
#8      CustomLintServer._handleAnalysisSetContextRoots.<anonymous closure> (package:custom_lint/src/v2/custom_lint_analyzer_plugin.dart:328:9)
<asynchronous suspension>
#9      PendingOperation.run (package:custom_lint/src/async_operation.dart:22:14)
<asynchronous suspension>
#10     CustomLintServer._handleRequest (package:custom_lint/src/v2/custom_lint_analyzer_plugin.dart:160:22)
<asynchronous suspension>

at:
#0      CustomLintProject.parse.<anonymous closure> (package:custom_lint/src/workspace.dart:983:7)
#1      _rootRunBinary (dart:async/zone.dart:1423:47)
#2      _CustomZone.runBinary (dart:async/zone.dart:1315:19)
#3      _FutureListener.handleError (dart:async/future_impl.dart:171:22)
#4      Future._propagateToListeners.handleError (dart:async/future_impl.dart:852:47)
#5      Future._propagateToListeners (dart:async/future_impl.dart:873:13)
#6      Future._completeError (dart:async/future_impl.dart:649:5)
#7      _rootRunUnary (dart:async/zone.dart:1407:47)
#8      _CustomZone.runUnary (dart:async/zone.dart:1308:19)
<asynchronous suspension>

The request analysis.setSubscriptions failed with the following error:
RequestErrorCode.PLUGIN_ERROR
Failed to read pubspec.yaml at /Users/moabdi/development/khatma:
ParsedYamlException: line 37, column 1: Expected ':'.
   ╷
37 │ dev_dependencies:
   │ ^
   ╵
#0      checkedYamlDecode (package:checked_yaml/checked_yaml.dart:32:5)
#1      new Pubspec.parse (package:pubspec_parse/src/pubspec.dart:167:7)
#2      parsePubspec (package:custom_lint/src/package_utils.dart:84:18)
<asynchronous suspension>
#3      CustomLintProject.parse (package:custom_lint/src/workspace.dart:980:28)
<asynchronous suspension>
#4      Future.wait.<anonymous closure> (dart:async/future.dart:525:21)
<asynchronous suspension>
#5      CustomLintWorkspace.fromContextRoots (package:custom_lint/src/workspace.dart:487:22)
<asynchronous suspension>
#6      SocketCustomLintServerToClientChannel.create (package:custom_lint/src/v2/server_to_client_channel.dart:59:23)
<asynchronous suspension>
#7      CustomLintServer._maybeSpawnCustomLintPlugin (package:custom_lint/src/v2/custom_lint_analyzer_plugin.dart:347:23)
<asynchronous suspension>
#8      CustomLintServer._handleAnalysisSetContextRoots.<anonymous closure> (package:custom_lint/src/v2/custom_lint_analyzer_plugin.dart:328:9)
<asynchronous suspension>
#9      PendingOperation.run (package:custom_lint/src/async_operation.dart:22:14)
<asynchronous suspension>
#10     CustomLintServer._handleRequest (package:custom_lint/src/v2/custom_lint_analyzer_plugin.dart:160:22)
<asynchronous suspension>

at:
#0      CustomLintProject.parse.<anonymous closure> (package:custom_lint/src/workspace.dart:983:7)
#1      _rootRunBinary (dart:async/zone.dart:1423:47)
#2      _CustomZone.runBinary (dart:async/zone.dart:1315:19)
#3      _FutureListener.handleError (dart:async/future_impl.dart:171:22)
#4      Future._propagateToListeners.handleError (dart:async/future_impl.dart:852:47)
#5      Future._propagateToListeners (dart:async/future_impl.dart:873:13)
#6      Future._completeError (dart:async/future_impl.dart:649:5)
#7      _rootRunUnary (dart:async/zone.dart:1407:47)
#8      _CustomZone.runUnary (dart:async/zone.dart:1308:19)
<asynchronous suspension>

The request analysis.updateContent failed with the following error:
RequestErrorCode.PLUGIN_ERROR
Failed to read pubspec.yaml at /Users/moabdi/development/khatma:
ParsedYamlException: line 37, column 1: Expected ':'.
   ╷
37 │ dev_dependencies:
   │ ^
   ╵
#0      checkedYamlDecode (package:checked_yaml/checked_yaml.dart:32:5)
#1      new Pubspec.parse (package:pubspec_parse/src/pubspec.dart:167:7)
#2      parsePubspec (package:custom_lint/src/package_utils.dart:84:18)
<asynchronous suspension>
#3      CustomLintProject.parse (package:custom_lint/src/workspace.dart:980:28)
<asynchronous suspension>
#4      Future.wait.<anonymous closure> (dart:async/future.dart:525:21)
<asynchronous suspension>
#5      CustomLintWorkspace.fromContextRoots (package:custom_lint/src/workspace.dart:487:22)
<asynchronous suspension>
#6      SocketCustomLintServerToClientChannel.create (package:custom_lint/src/v2/server_to_client_channel.dart:59:23)
<asynchronous suspension>
#7      CustomLintServer._maybeSpawnCustomLintPlugin (package:custom_lint/src/v2/custom_lint_analyzer_plugin.dart:347:23)
<asynchronous suspension>
#8      CustomLintServer._handleAnalysisSetContextRoots.<anonymous closure> (package:custom_lint/src/v2/custom_lint_analyzer_plugin.dart:328:9)
<asynchronous suspension>
#9      PendingOperation.run (package:custom_lint/src/async_operation.dart:22:14)
<asynchronous suspension>
#10     CustomLintServer._handleRequest (package:custom_lint/src/v2/custom_lint_analyzer_plugin.dart:160:22)
<asynchronous suspension>

at:
#0      CustomLintProject.parse.<anonymous closure> (package:custom_lint/src/workspace.dart:983:7)
#1      _rootRunBinary (dart:async/zone.dart:1423:47)
#2      _CustomZone.runBinary (dart:async/zone.dart:1315:19)
#3      _FutureListener.handleError (dart:async/future_impl.dart:171:22)
#4      Future._propagateToListeners.handleError (dart:async/future_impl.dart:852:47)
#5      Future._propagateToListeners (dart:async/future_impl.dart:873:13)
#6      Future._completeError (dart:async/future_impl.dart:649:5)
#7      _rootRunUnary (dart:async/zone.dart:1407:47)
#8      _CustomZone.runUnary (dart:async/zone.dart:1308:19)
<asynchronous suspension>

The request analysis.setPriorityFiles failed with the following error:
RequestErrorCode.PLUGIN_ERROR
Failed to read pubspec.yaml at /Users/moabdi/development/khatma:
ParsedYamlException: line 37, column 1: Expected ':'.
   ╷
37 │ dev_dependencies:
   │ ^
   ╵
#0      checkedYamlDecode (package:checked_yaml/checked_yaml.dart:32:5)
#1      new Pubspec.parse (package:pubspec_parse/src/pubspec.dart:167:7)
#2      parsePubspec (package:custom_lint/src/package_utils.dart:84:18)
<asynchronous suspension>
#3      CustomLintProject.parse (package:custom_lint/src/workspace.dart:980:28)
<asynchronous suspension>
#4      Future.wait.<anonymous closure> (dart:async/future.dart:525:21)
<asynchronous suspension>
#5      CustomLintWorkspace.fromContextRoots (package:custom_lint/src/workspace.dart:487:22)
<asynchronous suspension>
#6      SocketCustomLintServerToClientChannel.create (package:custom_lint/src/v2/server_to_client_channel.dart:59:23)
<asynchronous suspension>
#7      CustomLintServer._maybeSpawnCustomLintPlugin (package:custom_lint/src/v2/custom_lint_analyzer_plugin.dart:347:23)
<asynchronous suspension>
#8      CustomLintServer._handleAnalysisSetContextRoots.<anonymous closure> (package:custom_lint/src/v2/custom_lint_analyzer_plugin.dart:328:9)
<asynchronous suspension>
#9      PendingOperation.run (package:custom_lint/src/async_operation.dart:22:14)
<asynchronous suspension>
#10     CustomLintServer._handleRequest (package:custom_lint/src/v2/custom_lint_analyzer_plugin.dart:160:22)
<asynchronous suspension>

at:
#0      CustomLintProject.parse.<anonymous closure> (package:custom_lint/src/workspace.dart:983:7)
#1      _rootRunBinary (dart:async/zone.dart:1423:47)
#2      _CustomZone.runBinary (dart:async/zone.dart:1315:19)
#3      _FutureListener.handleError (dart:async/future_impl.dart:171:22)
#4      Future._propagateToListeners.handleError (dart:async/future_impl.dart:852:47)
#5      Future._propagateToListeners (dart:async/future_impl.dart:873:13)
#6      Future._completeError (dart:async/future_impl.dart:649:5)
#7      _rootRunUnary (dart:async/zone.dart:1407:47)
#8      _CustomZone.runUnary (dart:async/zone.dart:1308:19)
<asynchronous suspension>

The request analysis.setSubscriptions failed with the following error:
RequestErrorCode.PLUGIN_ERROR
Failed to read pubspec.yaml at /Users/moabdi/development/khatma:
ParsedYamlException: line 37, column 1: Expected ':'.
   ╷
37 │ dev_dependencies:
   │ ^
   ╵
#0      checkedYamlDecode (package:checked_yaml/checked_yaml.dart:32:5)
#1      new Pubspec.parse (package:pubspec_parse/src/pubspec.dart:167:7)
#2      parsePubspec (package:custom_lint/src/package_utils.dart:84:18)
<asynchronous suspension>
#3      CustomLintProject.parse (package:custom_lint/src/workspace.dart:980:28)
<asynchronous suspension>
#4      Future.wait.<anonymous closure> (dart:async/future.dart:525:21)
<asynchronous suspension>
#5      CustomLintWorkspace.fromContextRoots (package:custom_lint/src/workspace.dart:487:22)
<asynchronous suspension>
#6      SocketCustomLintServerToClientChannel.create (package:custom_lint/src/v2/server_to_client_channel.dart:59:23)
<asynchronous suspension>
#7      CustomLintServer._maybeSpawnCustomLintPlugin (package:custom_lint/src/v2/custom_lint_analyzer_plugin.dart:347:23)
<asynchronous suspension>
#8      CustomLintServer._handleAnalysisSetContextRoots.<anonymous closure> (package:custom_lint/src/v2/custom_lint_analyzer_plugin.dart:328:9)
<asynchronous suspension>
#9      PendingOperation.run (package:custom_lint/src/async_operation.dart:22:14)
<asynchronous suspension>
#10     CustomLintServer._handleRequest (package:custom_lint/src/v2/custom_lint_analyzer_plugin.dart:160:22)
<asynchronous suspension>

at:
#0      CustomLintProject.parse.<anonymous closure> (package:custom_lint/src/workspace.dart:983:7)
#1      _rootRunBinary (dart:async/zone.dart:1423:47)
#2      _CustomZone.runBinary (dart:async/zone.dart:1315:19)
#3      _FutureListener.handleError (dart:async/future_impl.dart:171:22)
#4      Future._propagateToListeners.handleError (dart:async/future_impl.dart:852:47)
#5      Future._propagateToListeners (dart:async/future_impl.dart:873:13)
#6      Future._completeError (dart:async/future_impl.dart:649:5)
#7      _rootRunUnary (dart:async/zone.dart:1407:47)
#8      _CustomZone.runUnary (dart:async/zone.dart:1308:19)
<asynchronous suspension>

The request analysis.updateContent failed with the following error:
RequestErrorCode.PLUGIN_ERROR
Failed to read pubspec.yaml at /Users/moabdi/development/khatma:
ParsedYamlException: line 37, column 1: Expected ':'.
   ╷
37 │ dev_dependencies:
   │ ^
   ╵
#0      checkedYamlDecode (package:checked_yaml/checked_yaml.dart:32:5)
#1      new Pubspec.parse (package:pubspec_parse/src/pubspec.dart:167:7)
#2      parsePubspec (package:custom_lint/src/package_utils.dart:84:18)
<asynchronous suspension>
#3      CustomLintProject.parse (package:custom_lint/src/workspace.dart:980:28)
<asynchronous suspension>
#4      Future.wait.<anonymous closure> (dart:async/future.dart:525:21)
<asynchronous suspension>
#5      CustomLintWorkspace.fromContextRoots (package:custom_lint/src/workspace.dart:487:22)
<asynchronous suspension>
#6      SocketCustomLintServerToClientChannel.create (package:custom_lint/src/v2/server_to_client_channel.dart:59:23)
<asynchronous suspension>
#7      CustomLintServer._maybeSpawnCustomLintPlugin (package:custom_lint/src/v2/custom_lint_analyzer_plugin.dart:347:23)
<asynchronous suspension>
#8      CustomLintServer._handleAnalysisSetContextRoots.<anonymous closure> (package:custom_lint/src/v2/custom_lint_analyzer_plugin.dart:328:9)
<asynchronous suspension>
#9      PendingOperation.run (package:custom_lint/src/async_operation.dart:22:14)
<asynchronous suspension>
#10     CustomLintServer._handleRequest (package:custom_lint/src/v2/custom_lint_analyzer_plugin.dart:160:22)
<asynchronous suspension>

at:
#0      CustomLintProject.parse.<anonymous closure> (package:custom_lint/src/workspace.dart:983:7)
#1      _rootRunBinary (dart:async/zone.dart:1423:47)
#2      _CustomZone.runBinary (dart:async/zone.dart:1315:19)
#3      _FutureListener.handleError (dart:async/future_impl.dart:171:22)
#4      Future._propagateToListeners.handleError (dart:async/future_impl.dart:852:47)
#5      Future._propagateToListeners (dart:async/future_impl.dart:873:13)
#6      Future._completeError (dart:async/future_impl.dart:649:5)
#7      _rootRunUnary (dart:async/zone.dart:1407:47)
#8      _CustomZone.runUnary (dart:async/zone.dart:1308:19)
<asynchronous suspension>

The Dart VM service is listening on http://127.0.0.1:52311/onlRji2jVl8=/
The Dart DevTools debugger and profiler is available at: http://127.0.0.1:52311/onlRji2jVl8=/devtools?uri=ws://127.0.0.1:52311/onlRji2jVl8=/ws
